2025-12-28 20:43:33 0 [Note] Starting MariaDB 11.4.8-MariaDB source revision c4ed889b74ed95fa8b4eaf96610d4c1480b346a4 server_uid Yr4GNQh323tlDM1hwX9JOw8mjyo= as process 110
2025-12-28 20:43:33 0 [Note] InnoDB: Compressed tables use zlib 1.3.1
2025-12-28 20:43:33 0 [Note] InnoDB: Number of transaction pools: 1
2025-12-28 20:43:33 0 [Note] InnoDB: Using crc32 + pclmulqdq instructions
2025-12-28 20:43:33 0 [Note] mariadbd: O_TMPFILE is not supported on /var/tmp (disabling future attempts)
2025-12-28 20:43:33 0 [Note] InnoDB: Using Linux native AIO
2025-12-28 20:43:33 0 [Note] InnoDB: innodb_buffer_pool_size_max=128m, innodb_buffer_pool_size=128m
2025-12-28 20:43:33 0 [Note] InnoDB: Completed initialization of buffer pool
2025-12-28 20:43:33 0 [Note] InnoDB: File system buffers for log disabled (block size=4096 bytes)
2025-12-28 20:43:33 0 [Note] InnoDB: End of log at LSN=47747
2025-12-28 20:43:33 0 [Note] InnoDB: Opened 3 undo tablespaces
2025-12-28 20:43:33 0 [Note] InnoDB: 128 rollback segments in 3 undo tablespaces are active.
2025-12-28 20:43:33 0 [Note] InnoDB: Setting file './ibtmp1' size to 12.000MiB. Physically writing the file full; Please wait ...
2025-12-28 20:43:33 0 [Note] InnoDB: File './ibtmp1' size is now 12.000MiB.
2025-12-28 20:43:33 0 [Note] InnoDB: log sequence number 47747; transaction id 14
2025-12-28 20:43:33 0 [Note] Plugin 'FEEDBACK' is disabled.
2025-12-28 20:43:33 0 [Note] Plugin 'wsrep-provider' is disabled.
2025-12-28 20:43:33 0 [Note] InnoDB: Loading buffer pool(s) from /var/lib/mysql/ib_buffer_pool
2025-12-28 20:43:33 0 [Note] InnoDB: Buffer pool(s) load completed at 251228 20:43:33
2025-12-28 20:43:35 0 [Note] Server socket created on IP: '0.0.0.0', port: '3306'.
2025-12-28 20:43:35 0 [Note] Server socket created on IP: '::', port: '3306'.
2025-12-28 20:43:35 0 [Note] mariadbd: Event Scheduler: Loaded 0 events
2025-12-28 20:43:35 0 [Note] /usr/bin/mariadbd: ready for connections.
Version: '11.4.8-MariaDB'  socket: '/run/mysqld/mysqld.sock'  port: 3306  Alpine Linux
